<?xml version="1.0" encoding="UTF-8"?>
<testsuite xmlns:xsi="http://www.w3.org/2001/XMLSchema-instance" xsi:noNamespaceSchemaLocation="https://maven.apache.org/surefire/maven-surefire-plugin/xsd/surefire-test-report-3.0.xsd" version="3.0" name="com.example.refminer.AppTest" time="0.048" tests="1" errors="0" skipped="0" failures="0">
  <properties>
    <property name="java.specification.version" value="17"/>
    <property name="sun.cpu.isalist" value="amd64"/>
    <property name="sun.jnu.encoding" value="Cp1252"/>
    <property name="java.class.path" value="C:\Users\Henrique\Documents\PhD\colab\Dalhousie\new_paper\refminer-app\target\test-classes;C:\Users\Henrique\Documents\PhD\colab\Dalhousie\new_paper\refminer-app\target\classes;C:\Users\Henrique\.m2\repository\com\github\tsantalis\refactoring-miner\3.0.10\refactoring-miner-3.0.10.jar;C:\Users\Henrique\.m2\repository\org\slf4j\slf4j-api\2.0.16\slf4j-api-2.0.16.jar;C:\Users\Henrique\.m2\repository\org\slf4j\slf4j-simple\2.0.16\slf4j-simple-2.0.16.jar;C:\Users\Henrique\.m2\repository\org\eclipse\jdt\org.eclipse.jdt.core\3.39.0\org.eclipse.jdt.core-3.39.0.jar;C:\Users\Henrique\.m2\repository\org\eclipse\platform\org.eclipse.core.resources\3.21.0\org.eclipse.core.resources-3.21.0.jar;C:\Users\Henrique\.m2\repository\org\eclipse\platform\org.eclipse.core.expressions\3.9.400\org.eclipse.core.expressions-3.9.400.jar;C:\Users\Henrique\.m2\repository\net\java\dev\jna\jna\5.14.0\jna-5.14.0.jar;C:\Users\Henrique\.m2\repository\org\eclipse\platform\org.eclipse.osgi\3.21.0\org.eclipse.osgi-3.21.0.jar;C:\Users\Henrique\.m2\repository\org\eclipse\platform\org.eclipse.core.runtime\3.31.100\org.eclipse.core.runtime-3.31.100.jar;C:\Users\Henrique\.m2\repository\org\eclipse\platform\org.eclipse.equinox.common\3.19.100\org.eclipse.equinox.common-3.19.100.jar;C:\Users\Henrique\.m2\repository\org\eclipse\platform\org.eclipse.core.jobs\3.15.300\org.eclipse.core.jobs-3.15.300.jar;C:\Users\Henrique\.m2\repository\org\eclipse\platform\org.eclipse.equinox.registry\3.12.100\org.eclipse.equinox.registry-3.12.100.jar;C:\Users\Henrique\.m2\repository\org\eclipse\platform\org.eclipse.equinox.preferences\3.11.100\org.eclipse.equinox.preferences-3.11.100.jar;C:\Users\Henrique\.m2\repository\org\osgi\org.osgi.service.prefs\1.1.2\org.osgi.service.prefs-1.1.2.jar;C:\Users\Henrique\.m2\repository\org\osgi\osgi.annotation\8.0.1\osgi.annotation-8.0.1.jar;C:\Users\Henrique\.m2\repository\org\eclipse\platform\org.eclipse.core.contenttype\3.9.400\org.eclipse.core.contenttype-3.9.400.jar;C:\Users\Henrique\.m2\repository\org\eclipse\platform\org.eclipse.equinox.app\1.7.100\org.eclipse.equinox.app-1.7.100.jar;C:\Users\Henrique\.m2\repository\org\eclipse\platform\org.eclipse.core.filesystem\1.11.0\org.eclipse.core.filesystem-1.11.0.jar;C:\Users\Henrique\.m2\repository\net\java\dev\jna\jna-platform\5.14.0\jna-platform-5.14.0.jar;C:\Users\Henrique\.m2\repository\org\eclipse\platform\org.eclipse.text\3.14.100\org.eclipse.text-3.14.100.jar;C:\Users\Henrique\.m2\repository\org\eclipse\platform\org.eclipse.core.commands\3.12.100\org.eclipse.core.commands-3.12.100.jar;C:\Users\Henrique\.m2\repository\org\eclipse\jdt\ecj\3.39.0\ecj-3.39.0.jar;C:\Users\Henrique\.m2\repository\org\apache\commons\commons-text\1.12.0\commons-text-1.12.0.jar;C:\Users\Henrique\.m2\repository\org\apache\commons\commons-lang3\3.14.0\commons-lang3-3.14.0.jar;C:\Users\Henrique\.m2\repository\org\kohsuke\github-api\1.135\github-api-1.135.jar;C:\Users\Henrique\.m2\repository\com\fasterxml\jackson\core\jackson-databind\2.13.0\jackson-databind-2.13.0.jar;C:\Users\Henrique\.m2\repository\com\fasterxml\jackson\core\jackson-annotations\2.13.0\jackson-annotations-2.13.0.jar;C:\Users\Henrique\.m2\repository\com\fasterxml\jackson\core\jackson-core\2.13.0\jackson-core-2.13.0.jar;C:\Users\Henrique\.m2\repository\commons-io\commons-io\2.8.0\commons-io-2.8.0.jar;C:\Users\Henrique\.m2\repository\io\github\java-diff-utils\java-diff-utils\4.15\java-diff-utils-4.15.jar;C:\Users\Henrique\.m2\repository\com\github\gumtreediff\core\3.0.0\core-3.0.0.jar;C:\Users\Henrique\.m2\repository\org\atteo\classindex\classindex\3.10\classindex-3.10.jar;C:\Users\Henrique\.m2\repository\com\github\mpkorstanje\simmetrics-core\3.2.3\simmetrics-core-3.2.3.jar;C:\Users\Henrique\.m2\repository\com\google\guava\guava\18.0\guava-18.0.jar;C:\Users\Henrique\.m2\repository\com\google\code\gson\gson\2.8.2\gson-2.8.2.jar;C:\Users\Henrique\.m2\repository\org\jgrapht\jgrapht-core\1.5.1\jgrapht-core-1.5.1.jar;C:\Users\Henrique\.m2\repository\org\jheaps\jheaps\0.13\jheaps-0.13.jar;C:\Users\Henrique\.m2\repository\com\github\gumtreediff\gen.jdt\3.0.0\gen.jdt-3.0.0.jar;C:\Users\Henrique\.m2\repository\org\jcommander\jcommander\1.85\jcommander-1.85.jar;C:\Users\Henrique\.m2\repository\org\jsoup\jsoup\1.18.2\jsoup-1.18.2.jar;C:\Users\Henrique\.m2\repository\it\unimi\dsi\fastutil\8.5.15\fastutil-8.5.15.jar;C:\Users\Henrique\.m2\repository\com\sparkjava\spark-core\2.9.4\spark-core-2.9.4.jar;C:\Users\Henrique\.m2\repository\org\eclipse\jetty\jetty-server\9.4.48.v20220622\jetty-server-9.4.48.v20220622.jar;C:\Users\Henrique\.m2\repository\javax\servlet\javax.servlet-api\3.1.0\javax.servlet-api-3.1.0.jar;C:\Users\Henrique\.m2\repository\org\eclipse\jetty\jetty-http\9.4.48.v20220622\jetty-http-9.4.48.v20220622.jar;C:\Users\Henrique\.m2\repository\org\eclipse\jetty\jetty-util\9.4.48.v20220622\jetty-util-9.4.48.v20220622.jar;C:\Users\Henrique\.m2\repository\org\eclipse\jetty\jetty-io\9.4.48.v20220622\jetty-io-9.4.48.v20220622.jar;C:\Users\Henrique\.m2\repository\org\eclipse\jetty\jetty-webapp\9.4.48.v20220622\jetty-webapp-9.4.48.v20220622.jar;C:\Users\Henrique\.m2\repository\org\eclipse\jetty\jetty-xml\9.4.48.v20220622\jetty-xml-9.4.48.v20220622.jar;C:\Users\Henrique\.m2\repository\org\eclipse\jetty\jetty-servlet\9.4.48.v20220622\jetty-servlet-9.4.48.v20220622.jar;C:\Users\Henrique\.m2\repository\org\eclipse\jetty\jetty-security\9.4.48.v20220622\jetty-security-9.4.48.v20220622.jar;C:\Users\Henrique\.m2\repository\org\eclipse\jetty\jetty-util-ajax\9.4.48.v20220622\jetty-util-ajax-9.4.48.v20220622.jar;C:\Users\Henrique\.m2\repository\org\eclipse\jetty\websocket\websocket-server\9.4.48.v20220622\websocket-server-9.4.48.v20220622.jar;C:\Users\Henrique\.m2\repository\org\eclipse\jetty\websocket\websocket-common\9.4.48.v20220622\websocket-common-9.4.48.v20220622.jar;C:\Users\Henrique\.m2\repository\org\eclipse\jetty\websocket\websocket-client\9.4.48.v20220622\websocket-client-9.4.48.v20220622.jar;C:\Users\Henrique\.m2\repository\org\eclipse\jetty\jetty-client\9.4.48.v20220622\jetty-client-9.4.48.v20220622.jar;C:\Users\Henrique\.m2\repository\org\eclipse\jetty\websocket\websocket-servlet\9.4.48.v20220622\websocket-servlet-9.4.48.v20220622.jar;C:\Users\Henrique\.m2\repository\org\eclipse\jetty\websocket\websocket-api\9.4.48.v20220622\websocket-api-9.4.48.v20220622.jar;C:\Users\Henrique\.m2\repository\org\rendersnake\rendersnake\1.9.0\rendersnake-1.9.0.jar;C:\Users\Henrique\.m2\repository\junit\junit\4.8.2\junit-4.8.2.jar;C:\Users\Henrique\.m2\repository\org\springframework\spring-webmvc\4.1.6.RELEASE\spring-webmvc-4.1.6.RELEASE.jar;C:\Users\Henrique\.m2\repository\org\springframework\spring-beans\4.1.6.RELEASE\spring-beans-4.1.6.RELEASE.jar;C:\Users\Henrique\.m2\repository\org\springframework\spring-context\4.1.6.RELEASE\spring-context-4.1.6.RELEASE.jar;C:\Users\Henrique\.m2\repository\org\springframework\spring-aop\4.1.6.RELEASE\spring-aop-4.1.6.RELEASE.jar;C:\Users\Henrique\.m2\repository\org\springframework\spring-core\4.1.6.RELEASE\spring-core-4.1.6.RELEASE.jar;C:\Users\Henrique\.m2\repository\commons-logging\commons-logging\1.2\commons-logging-1.2.jar;C:\Users\Henrique\.m2\repository\org\springframework\spring-expression\4.1.6.RELEASE\spring-expression-4.1.6.RELEASE.jar;C:\Users\Henrique\.m2\repository\org\springframework\spring-web\4.1.6.RELEASE\spring-web-4.1.6.RELEASE.jar;C:\Users\Henrique\.m2\repository\net\sf\jtidy\jtidy\r938\jtidy-r938.jar;C:\Users\Henrique\.m2\repository\com\google\inject\guice\3.0\guice-3.0.jar;C:\Users\Henrique\.m2\repository\aopalliance\aopalliance\1.0\aopalliance-1.0.jar;C:\Users\Henrique\.m2\repository\javax\inject\javax.inject\1\javax.inject-1.jar;C:\Users\Henrique\.m2\repository\org\eclipse\jgit\org.eclipse.jgit\6.7.0.202309050840-r\org.eclipse.jgit-6.7.0.202309050840-r.jar;C:\Users\Henrique\.m2\repository\com\googlecode\javaewah\JavaEWAH\1.2.3\JavaEWAH-1.2.3.jar;C:\Users\Henrique\.m2\repository\commons-codec\commons-codec\1.16.0\commons-codec-1.16.0.jar;C:\Users\Henrique\.m2\repository\org\junit\jupiter\junit-jupiter\5.10.0\junit-jupiter-5.10.0.jar;C:\Users\Henrique\.m2\repository\org\junit\jupiter\junit-jupiter-api\5.10.0\junit-jupiter-api-5.10.0.jar;C:\Users\Henrique\.m2\repository\org\opentest4j\opentest4j\1.3.0\opentest4j-1.3.0.jar;C:\Users\Henrique\.m2\repository\org\junit\platform\junit-platform-commons\1.10.0\junit-platform-commons-1.10.0.jar;C:\Users\Henrique\.m2\repository\org\apiguardian\apiguardian-api\1.1.2\apiguardian-api-1.1.2.jar;C:\Users\Henrique\.m2\repository\org\junit\jupiter\junit-jupiter-params\5.10.0\junit-jupiter-params-5.10.0.jar;C:\Users\Henrique\.m2\repository\org\junit\jupiter\junit-jupiter-engine\5.10.0\junit-jupiter-engine-5.10.0.jar;C:\Users\Henrique\.m2\repository\org\junit\platform\junit-platform-engine\1.10.0\junit-platform-engine-1.10.0.jar;"/>
    <property name="java.vm.vendor" value="Oracle Corporation"/>
    <property name="sun.arch.data.model" value="64"/>
    <property name="user.variant" value=""/>
    <property name="java.vendor.url" value="https://java.oracle.com/"/>
    <property name="user.timezone" value="America/Sao_Paulo"/>
    <property name="os.name" value="Windows 11"/>
    <property name="java.vm.specification.version" value="17"/>
    <property name="sun.java.launcher" value="SUN_STANDARD"/>
    <property name="user.country" value="BR"/>
    <property name="sun.boot.library.path" value="C:\Program Files\Java\jdk-17\bin"/>
    <property name="sun.java.command" value="C:\Users\Henrique\AppData\Local\Temp\surefire16975677277541546650\surefirebooter-20250613121248514_3.jar C:\Users\Henrique\AppData\Local\Temp\surefire16975677277541546650 2025-06-13T12-12-48_355-jvmRun1 surefire-20250613121248514_1tmp surefire_0-20250613121248514_2tmp"/>
    <property name="jdk.debug" value="release"/>
    <property name="surefire.test.class.path" value="C:\Users\Henrique\Documents\PhD\colab\Dalhousie\new_paper\refminer-app\target\test-classes;C:\Users\Henrique\Documents\PhD\colab\Dalhousie\new_paper\refminer-app\target\classes;C:\Users\Henrique\.m2\repository\com\github\tsantalis\refactoring-miner\3.0.10\refactoring-miner-3.0.10.jar;C:\Users\Henrique\.m2\repository\org\slf4j\slf4j-api\2.0.16\slf4j-api-2.0.16.jar;C:\Users\Henrique\.m2\repository\org\slf4j\slf4j-simple\2.0.16\slf4j-simple-2.0.16.jar;C:\Users\Henrique\.m2\repository\org\eclipse\jdt\org.eclipse.jdt.core\3.39.0\org.eclipse.jdt.core-3.39.0.jar;C:\Users\Henrique\.m2\repository\org\eclipse\platform\org.eclipse.core.resources\3.21.0\org.eclipse.core.resources-3.21.0.jar;C:\Users\Henrique\.m2\repository\org\eclipse\platform\org.eclipse.core.expressions\3.9.400\org.eclipse.core.expressions-3.9.400.jar;C:\Users\Henrique\.m2\repository\net\java\dev\jna\jna\5.14.0\jna-5.14.0.jar;C:\Users\Henrique\.m2\repository\org\eclipse\platform\org.eclipse.osgi\3.21.0\org.eclipse.osgi-3.21.0.jar;C:\Users\Henrique\.m2\repository\org\eclipse\platform\org.eclipse.core.runtime\3.31.100\org.eclipse.core.runtime-3.31.100.jar;C:\Users\Henrique\.m2\repository\org\eclipse\platform\org.eclipse.equinox.common\3.19.100\org.eclipse.equinox.common-3.19.100.jar;C:\Users\Henrique\.m2\repository\org\eclipse\platform\org.eclipse.core.jobs\3.15.300\org.eclipse.core.jobs-3.15.300.jar;C:\Users\Henrique\.m2\repository\org\eclipse\platform\org.eclipse.equinox.registry\3.12.100\org.eclipse.equinox.registry-3.12.100.jar;C:\Users\Henrique\.m2\repository\org\eclipse\platform\org.eclipse.equinox.preferences\3.11.100\org.eclipse.equinox.preferences-3.11.100.jar;C:\Users\Henrique\.m2\repository\org\osgi\org.osgi.service.prefs\1.1.2\org.osgi.service.prefs-1.1.2.jar;C:\Users\Henrique\.m2\repository\org\osgi\osgi.annotation\8.0.1\osgi.annotation-8.0.1.jar;C:\Users\Henrique\.m2\repository\org\eclipse\platform\org.eclipse.core.contenttype\3.9.400\org.eclipse.core.contenttype-3.9.400.jar;C:\Users\Henrique\.m2\repository\org\eclipse\platform\org.eclipse.equinox.app\1.7.100\org.eclipse.equinox.app-1.7.100.jar;C:\Users\Henrique\.m2\repository\org\eclipse\platform\org.eclipse.core.filesystem\1.11.0\org.eclipse.core.filesystem-1.11.0.jar;C:\Users\Henrique\.m2\repository\net\java\dev\jna\jna-platform\5.14.0\jna-platform-5.14.0.jar;C:\Users\Henrique\.m2\repository\org\eclipse\platform\org.eclipse.text\3.14.100\org.eclipse.text-3.14.100.jar;C:\Users\Henrique\.m2\repository\org\eclipse\platform\org.eclipse.core.commands\3.12.100\org.eclipse.core.commands-3.12.100.jar;C:\Users\Henrique\.m2\repository\org\eclipse\jdt\ecj\3.39.0\ecj-3.39.0.jar;C:\Users\Henrique\.m2\repository\org\apache\commons\commons-text\1.12.0\commons-text-1.12.0.jar;C:\Users\Henrique\.m2\repository\org\apache\commons\commons-lang3\3.14.0\commons-lang3-3.14.0.jar;C:\Users\Henrique\.m2\repository\org\kohsuke\github-api\1.135\github-api-1.135.jar;C:\Users\Henrique\.m2\repository\com\fasterxml\jackson\core\jackson-databind\2.13.0\jackson-databind-2.13.0.jar;C:\Users\Henrique\.m2\repository\com\fasterxml\jackson\core\jackson-annotations\2.13.0\jackson-annotations-2.13.0.jar;C:\Users\Henrique\.m2\repository\com\fasterxml\jackson\core\jackson-core\2.13.0\jackson-core-2.13.0.jar;C:\Users\Henrique\.m2\repository\commons-io\commons-io\2.8.0\commons-io-2.8.0.jar;C:\Users\Henrique\.m2\repository\io\github\java-diff-utils\java-diff-utils\4.15\java-diff-utils-4.15.jar;C:\Users\Henrique\.m2\repository\com\github\gumtreediff\core\3.0.0\core-3.0.0.jar;C:\Users\Henrique\.m2\repository\org\atteo\classindex\classindex\3.10\classindex-3.10.jar;C:\Users\Henrique\.m2\repository\com\github\mpkorstanje\simmetrics-core\3.2.3\simmetrics-core-3.2.3.jar;C:\Users\Henrique\.m2\repository\com\google\guava\guava\18.0\guava-18.0.jar;C:\Users\Henrique\.m2\repository\com\google\code\gson\gson\2.8.2\gson-2.8.2.jar;C:\Users\Henrique\.m2\repository\org\jgrapht\jgrapht-core\1.5.1\jgrapht-core-1.5.1.jar;C:\Users\Henrique\.m2\repository\org\jheaps\jheaps\0.13\jheaps-0.13.jar;C:\Users\Henrique\.m2\repository\com\github\gumtreediff\gen.jdt\3.0.0\gen.jdt-3.0.0.jar;C:\Users\Henrique\.m2\repository\org\jcommander\jcommander\1.85\jcommander-1.85.jar;C:\Users\Henrique\.m2\repository\org\jsoup\jsoup\1.18.2\jsoup-1.18.2.jar;C:\Users\Henrique\.m2\repository\it\unimi\dsi\fastutil\8.5.15\fastutil-8.5.15.jar;C:\Users\Henrique\.m2\repository\com\sparkjava\spark-core\2.9.4\spark-core-2.9.4.jar;C:\Users\Henrique\.m2\repository\org\eclipse\jetty\jetty-server\9.4.48.v20220622\jetty-server-9.4.48.v20220622.jar;C:\Users\Henrique\.m2\repository\javax\servlet\javax.servlet-api\3.1.0\javax.servlet-api-3.1.0.jar;C:\Users\Henrique\.m2\repository\org\eclipse\jetty\jetty-http\9.4.48.v20220622\jetty-http-9.4.48.v20220622.jar;C:\Users\Henrique\.m2\repository\org\eclipse\jetty\jetty-util\9.4.48.v20220622\jetty-util-9.4.48.v20220622.jar;C:\Users\Henrique\.m2\repository\org\eclipse\jetty\jetty-io\9.4.48.v20220622\jetty-io-9.4.48.v20220622.jar;C:\Users\Henrique\.m2\repository\org\eclipse\jetty\jetty-webapp\9.4.48.v20220622\jetty-webapp-9.4.48.v20220622.jar;C:\Users\Henrique\.m2\repository\org\eclipse\jetty\jetty-xml\9.4.48.v20220622\jetty-xml-9.4.48.v20220622.jar;C:\Users\Henrique\.m2\repository\org\eclipse\jetty\jetty-servlet\9.4.48.v20220622\jetty-servlet-9.4.48.v20220622.jar;C:\Users\Henrique\.m2\repository\org\eclipse\jetty\jetty-security\9.4.48.v20220622\jetty-security-9.4.48.v20220622.jar;C:\Users\Henrique\.m2\repository\org\eclipse\jetty\jetty-util-ajax\9.4.48.v20220622\jetty-util-ajax-9.4.48.v20220622.jar;C:\Users\Henrique\.m2\repository\org\eclipse\jetty\websocket\websocket-server\9.4.48.v20220622\websocket-server-9.4.48.v20220622.jar;C:\Users\Henrique\.m2\repository\org\eclipse\jetty\websocket\websocket-common\9.4.48.v20220622\websocket-common-9.4.48.v20220622.jar;C:\Users\Henrique\.m2\repository\org\eclipse\jetty\websocket\websocket-client\9.4.48.v20220622\websocket-client-9.4.48.v20220622.jar;C:\Users\Henrique\.m2\repository\org\eclipse\jetty\jetty-client\9.4.48.v20220622\jetty-client-9.4.48.v20220622.jar;C:\Users\Henrique\.m2\repository\org\eclipse\jetty\websocket\websocket-servlet\9.4.48.v20220622\websocket-servlet-9.4.48.v20220622.jar;C:\Users\Henrique\.m2\repository\org\eclipse\jetty\websocket\websocket-api\9.4.48.v20220622\websocket-api-9.4.48.v20220622.jar;C:\Users\Henrique\.m2\repository\org\rendersnake\rendersnake\1.9.0\rendersnake-1.9.0.jar;C:\Users\Henrique\.m2\repository\junit\junit\4.8.2\junit-4.8.2.jar;C:\Users\Henrique\.m2\repository\org\springframework\spring-webmvc\4.1.6.RELEASE\spring-webmvc-4.1.6.RELEASE.jar;C:\Users\Henrique\.m2\repository\org\springframework\spring-beans\4.1.6.RELEASE\spring-beans-4.1.6.RELEASE.jar;C:\Users\Henrique\.m2\repository\org\springframework\spring-context\4.1.6.RELEASE\spring-context-4.1.6.RELEASE.jar;C:\Users\Henrique\.m2\repository\org\springframework\spring-aop\4.1.6.RELEASE\spring-aop-4.1.6.RELEASE.jar;C:\Users\Henrique\.m2\repository\org\springframework\spring-core\4.1.6.RELEASE\spring-core-4.1.6.RELEASE.jar;C:\Users\Henrique\.m2\repository\commons-logging\commons-logging\1.2\commons-logging-1.2.jar;C:\Users\Henrique\.m2\repository\org\springframework\spring-expression\4.1.6.RELEASE\spring-expression-4.1.6.RELEASE.jar;C:\Users\Henrique\.m2\repository\org\springframework\spring-web\4.1.6.RELEASE\spring-web-4.1.6.RELEASE.jar;C:\Users\Henrique\.m2\repository\net\sf\jtidy\jtidy\r938\jtidy-r938.jar;C:\Users\Henrique\.m2\repository\com\google\inject\guice\3.0\guice-3.0.jar;C:\Users\Henrique\.m2\repository\aopalliance\aopalliance\1.0\aopalliance-1.0.jar;C:\Users\Henrique\.m2\repository\javax\inject\javax.inject\1\javax.inject-1.jar;C:\Users\Henrique\.m2\repository\org\eclipse\jgit\org.eclipse.jgit\6.7.0.202309050840-r\org.eclipse.jgit-6.7.0.202309050840-r.jar;C:\Users\Henrique\.m2\repository\com\googlecode\javaewah\JavaEWAH\1.2.3\JavaEWAH-1.2.3.jar;C:\Users\Henrique\.m2\repository\commons-codec\commons-codec\1.16.0\commons-codec-1.16.0.jar;C:\Users\Henrique\.m2\repository\org\junit\jupiter\junit-jupiter\5.10.0\junit-jupiter-5.10.0.jar;C:\Users\Henrique\.m2\repository\org\junit\jupiter\junit-jupiter-api\5.10.0\junit-jupiter-api-5.10.0.jar;C:\Users\Henrique\.m2\repository\org\opentest4j\opentest4j\1.3.0\opentest4j-1.3.0.jar;C:\Users\Henrique\.m2\repository\org\junit\platform\junit-platform-commons\1.10.0\junit-platform-commons-1.10.0.jar;C:\Users\Henrique\.m2\repository\org\apiguardian\apiguardian-api\1.1.2\apiguardian-api-1.1.2.jar;C:\Users\Henrique\.m2\repository\org\junit\jupiter\junit-jupiter-params\5.10.0\junit-jupiter-params-5.10.0.jar;C:\Users\Henrique\.m2\repository\org\junit\jupiter\junit-jupiter-engine\5.10.0\junit-jupiter-engine-5.10.0.jar;C:\Users\Henrique\.m2\repository\org\junit\platform\junit-platform-engine\1.10.0\junit-platform-engine-1.10.0.jar;"/>
    <property name="sun.cpu.endian" value="little"/>
    <property name="user.home" value="C:\Users\Henrique"/>
    <property name="user.language" value="pt"/>
    <property name="java.specification.vendor" value="Oracle Corporation"/>
    <property name="java.version.date" value="2023-10-17"/>
    <property name="java.home" value="C:\Program Files\Java\jdk-17"/>
    <property name="file.separator" value="\"/>
    <property name="basedir" value="C:\Users\Henrique\Documents\PhD\colab\Dalhousie\new_paper\refminer-app"/>
    <property name="java.vm.compressedOopsMode" value="32-bit"/>
    <property name="line.separator" value="&#10;"/>
    <property name="java.vm.specification.vendor" value="Oracle Corporation"/>
    <property name="java.specification.name" value="Java Platform API Specification"/>
    <property name="surefire.real.class.path" value="C:\Users\Henrique\AppData\Local\Temp\surefire16975677277541546650\surefirebooter-20250613121248514_3.jar"/>
    <property name="user.script" value=""/>
    <property name="sun.management.compiler" value="HotSpot 64-Bit Tiered Compilers"/>
    <property name="java.runtime.version" value="17.0.9+11-LTS-201"/>
    <property name="user.name" value="rique"/>
    <property name="path.separator" value=";"/>
    <property name="os.version" value="10.0"/>
    <property name="java.runtime.name" value="Java(TM) SE Runtime Environment"/>
    <property name="file.encoding" value="Cp1252"/>
    <property name="java.vm.name" value="Java HotSpot(TM) 64-Bit Server VM"/>
    <property name="localRepository" value="C:\Users\Henrique\.m2\repository"/>
    <property name="java.vendor.url.bug" value="https://bugreport.java.com/bugreport/"/>
    <property name="java.io.tmpdir" value="C:\Users\Henrique\AppData\Local\Temp\"/>
    <property name="java.version" value="17.0.9"/>
    <property name="user.dir" value="C:\Users\Henrique\Documents\PhD\colab\Dalhousie\new_paper\refminer-app"/>
    <property name="os.arch" value="amd64"/>
    <property name="java.vm.specification.name" value="Java Virtual Machine Specification"/>
    <property name="sun.os.patch.level" value=""/>
    <property name="native.encoding" value="Cp1252"/>
    <property name="java.library.path" value="C:\Program Files\Java\jdk-17\bin;C:\WINDOWS\Sun\Java\bin;C:\WINDOWS\system32;C:\WINDOWS;C:\Users\Henrique\bin;C:\Users\Henrique\AppData\Local\Programs\Git\mingw64\bin;C:\Users\Henrique\AppData\Local\Programs\Git\usr\local\bin;C:\Users\Henrique\AppData\Local\Programs\Git\usr\bin;C:\Users\Henrique\AppData\Local\Programs\Git\usr\bin;C:\Users\Henrique\AppData\Local\Programs\Git\mingw64\bin;C:\Users\Henrique\AppData\Local\Programs\Git\usr\bin;C:\Users\Henrique\bin;C:\Program Files\Common Files\Oracle\Java\javapath;C:\WINDOWS\system32;C:\WINDOWS;C:\WINDOWS\System32\Wbem;C:\WINDOWS\System32\WindowsPowerShell\v1.0;C:\WINDOWS\System32\OpenSSH;C:\Program Files\dotnet;C:\Users\Henrique\Documents\gradle-7.6.4-bin\gradle-7.6.4\bin;C:\Program Files\Apache\apache-maven-3.9.6\bin;C:\MinGW\bin;C:\Users\Henrique\Anaconda3;C:\Users\Henrique\Anaconda3\Library\mingw-w64\bin;C:\Users\Henrique\Anaconda3\Library\usr\bin;C:\Users\Henrique\Anaconda3\Library\bin;C:\Users\Henrique\Anaconda3\Scripts;C:\Users\Henrique\AppData\Local\Microsoft\WindowsApps;C:\Users\Henrique\AppData\Local\Programs\Microsoft VS Code\bin;C:\Users\Henrique\AppData\Local\GitHubDesktop\bin;C:\Program Files\Apache\apache-maven-3.9.6\bin;C:\Program Files\Java\jdk-17\bin;C:\Users\Henrique\AppData\Local\Programs\Git\cmd;C:\Users\Henrique\AppData\Local\Programs\Git\usr\bin\vendor_perl;C:\Users\Henrique\AppData\Local\Programs\Git\usr\bin\core_perl;."/>
    <property name="java.vm.info" value="mixed mode, sharing"/>
    <property name="java.vendor" value="Oracle Corporation"/>
    <property name="java.vm.version" value="17.0.9+11-LTS-201"/>
    <property name="sun.io.unicode.encoding" value="UnicodeLittle"/>
    <property name="java.class.version" value="61.0"/>
  </properties>
  <testcase name="testApp" classname="com.example.refminer.AppTest" time="0.032"/>
</testsuite>